2024-03-08 10:21:29,960{GMT}	INFO	[jepsen test runner] jepsen.core: Command line:
lein run test -w echo --bin /home/ducndh/go/bin/maelstrom-echo --node-count 1 --time-limit 10
2024-03-08 10:21:30,187{GMT}	INFO	[jepsen test runner] jepsen.core: Running test:
{:args []
 :remote
 #jepsen.control.retry.Remote{:remote #jepsen.control.scp.Remote{:cmd-remote #jepsen.control.sshj.SSHJRemote{:concurrency-limit 6,
                                                                                                             :conn-spec nil,
                                                                                                             :client nil,
                                                                                                             :semaphore nil},
                                                                 :conn-spec nil},
                              :conn nil}
 :log-net-send false
 :node-count 1
 :availability nil
 :max-txn-length 4
 :concurrency 1
 :db
 #object[maelstrom.db$db$reify__16142
         "0x27aa700"
         "maelstrom.db$db$reify__16142@27aa700"]
 :max-writes-per-key 16
 :leave-db-running? false
 :name "echo"
 :logging-json? false
 :start-time
 #object[org.joda.time.DateTime "0x2a2f7a61" "2024-03-08T10:21:29.743+07:00"]
 :nemesis-interval 10
 :net
 #object[maelstrom.net$jepsen_net$reify__15251
         "0x8d40f07"
         "maelstrom.net$jepsen_net$reify__15251@8d40f07"]
 :client
 #object[maelstrom.workload.echo$client$reify__16863
         "0x196c8b93"
         "maelstrom.workload.echo$client$reify__16863@196c8b93"]
 :barrier
 #object[java.util.concurrent.CyclicBarrier
         "0x307ca947"
         "java.util.concurrent.CyclicBarrier@307ca947"]
 :log-stderr false
 :pure-generators true
 :ssh {:dummy? true}
 :rate 5
 :checker
 #object[jepsen.checker$compose$reify__11881
         "0x61d1315b"
         "jepsen.checker$compose$reify__11881@61d1315b"]
 :argv
 ("test"
  "-w"
  "echo"
  "--bin"
  "/home/ducndh/go/bin/maelstrom-echo"
  "--node-count"
  "1"
  "--time-limit"
  "10")
 :nemesis
 (jepsen.nemesis.ReflCompose
  {:fm {:start-partition 0,
        :stop-partition 0,
        :kill 1,
        :start 1,
        :pause 1,
        :resume 1},
   :nemeses [#unprintable "jepsen.nemesis.combined$partition_nemesis$reify__16416@49d5b651"
             #unprintable "jepsen.nemesis.combined$db_nemesis$reify__16397@34989ceb"]})
 :nodes ["n0"]
 :test-count 1
 :latency {:mean 0, :dist :constant}
 :bin "/home/ducndh/go/bin/maelstrom-echo"
 :generator
 (jepsen.generator.TimeLimit
  {:limit 10000000000,
   :cutoff nil,
   :gen (jepsen.generator.Any
         {:gens [(jepsen.generator.OnThreads
                  {:f #{:nemesis},
                   :context-filter #object[jepsen.generator.context$make_thread_filter$lazy_filter__9167
                                           "0x3d0c88f4"
                                           "jepsen.generator.context$make_thread_filter$lazy_filter__9167@3d0c88f4"],
                   :gen nil})
                 (jepsen.generator.OnThreads
                  {:f #jepsen.generator.context.AllBut{:element :nemesis},
                   :context-filter #object[jepsen.generator.context$make_thread_filter$lazy_filter__9167
                                           "0x5aad4194"
                                           "jepsen.generator.context$make_thread_filter$lazy_filter__9167@5aad4194"],
                   :gen (jepsen.generator.Stagger
                         {:dt 400000000,
                          :next-time nil,
                          :gen (jepsen.generator.EachThread
                                {:fresh-gen #object[maelstrom.workload.echo$workload$fn__16882
                                                    "0x50a1c2f3"
                                                    "maelstrom.workload.echo$workload$fn__16882@50a1c2f3"],
                                 :context-filters #object[clojure.core$promise$reify__8591
                                                          "0x453ca7f"
                                                          {:status :pending,
                                                           :val nil}],
                                 :gens {}})})})]})})
 :log-net-recv false
 :os
 #object[maelstrom.net$jepsen_os$reify__15254
         "0x5d41b929"
         "maelstrom.net$jepsen_os$reify__15254@5d41b929"]
 :time-limit 10
 :workload :echo
 :consistency-models [:strict-serializable]
 :topology :grid}

2024-03-08 10:21:33,771{GMT}	INFO	[jepsen node n0] maelstrom.net: Starting Maelstrom network
2024-03-08 10:21:33,774{GMT}	INFO	[jepsen test runner] jepsen.db: Tearing down DB
2024-03-08 10:21:33,778{GMT}	INFO	[jepsen test runner] jepsen.db: Setting up DB
2024-03-08 10:21:33,785{GMT}	INFO	[jepsen node n0] maelstrom.service: Starting services: (lin-kv lin-tso lww-kv seq-kv)
2024-03-08 10:21:33,790{GMT}	INFO	[jepsen node n0] maelstrom.db: Setting up n0
2024-03-08 10:21:33,798{GMT}	INFO	[jepsen node n0] maelstrom.process: launching /home/ducndh/go/bin/maelstrom-echo []
2024-03-08 10:21:33,883{GMT}	INFO	[jepsen test runner] jepsen.core: Relative time begins now
2024-03-08 10:21:33,914{GMT}	INFO	[jepsen worker 0] jepsen.util: 0	:invoke	:echo	"Please echo 14"
2024-03-08 10:21:33,929{GMT}	INFO	[jepsen worker 0] jepsen.util: 0	:ok	:echo	{:echo "Please echo 14", :in_reply_to 1, :msg_id 1, :type "echo_ok"}
2024-03-08 10:21:34,107{GMT}	INFO	[jepsen worker 0] jepsen.util: 0	:invoke	:echo	"Please echo 70"
2024-03-08 10:21:34,115{GMT}	INFO	[jepsen worker 0] jepsen.util: 0	:ok	:echo	{:echo "Please echo 70", :in_reply_to 2, :msg_id 2, :type "echo_ok"}
2024-03-08 10:21:34,355{GMT}	INFO	[jepsen worker 0] jepsen.util: 0	:invoke	:echo	"Please echo 82"
2024-03-08 10:21:34,357{GMT}	INFO	[jepsen worker 0] jepsen.util: 0	:ok	:echo	{:echo "Please echo 82", :in_reply_to 3, :msg_id 3, :type "echo_ok"}
2024-03-08 10:21:34,735{GMT}	INFO	[jepsen worker 0] jepsen.util: 0	:invoke	:echo	"Please echo 31"
2024-03-08 10:21:34,738{GMT}	INFO	[jepsen worker 0] jepsen.util: 0	:ok	:echo	{:echo "Please echo 31", :in_reply_to 4, :msg_id 4, :type "echo_ok"}
2024-03-08 10:21:34,893{GMT}	INFO	[jepsen worker 0] jepsen.util: 0	:invoke	:echo	"Please echo 27"
2024-03-08 10:21:34,897{GMT}	INFO	[jepsen worker 0] jepsen.util: 0	:ok	:echo	{:echo "Please echo 27", :in_reply_to 5, :msg_id 5, :type "echo_ok"}
2024-03-08 10:21:35,229{GMT}	INFO	[jepsen worker 0] jepsen.util: 0	:invoke	:echo	"Please echo 76"
2024-03-08 10:21:35,232{GMT}	INFO	[jepsen worker 0] jepsen.util: 0	:ok	:echo	{:echo "Please echo 76", :in_reply_to 6, :msg_id 6, :type "echo_ok"}
2024-03-08 10:21:35,307{GMT}	INFO	[jepsen worker 0] jepsen.util: 0	:invoke	:echo	"Please echo 78"
2024-03-08 10:21:35,310{GMT}	INFO	[jepsen worker 0] jepsen.util: 0	:ok	:echo	{:echo "Please echo 78", :in_reply_to 7, :msg_id 7, :type "echo_ok"}
2024-03-08 10:21:35,415{GMT}	INFO	[jepsen worker 0] jepsen.util: 0	:invoke	:echo	"Please echo 19"
2024-03-08 10:21:35,418{GMT}	INFO	[jepsen worker 0] jepsen.util: 0	:ok	:echo	{:echo "Please echo 19", :in_reply_to 8, :msg_id 8, :type "echo_ok"}
2024-03-08 10:21:35,554{GMT}	INFO	[jepsen worker 0] jepsen.util: 0	:invoke	:echo	"Please echo 14"
2024-03-08 10:21:35,556{GMT}	INFO	[jepsen worker 0] jepsen.util: 0	:ok	:echo	{:echo "Please echo 14", :in_reply_to 9, :msg_id 9, :type "echo_ok"}
2024-03-08 10:21:35,798{GMT}	INFO	[jepsen worker 0] jepsen.util: 0	:invoke	:echo	"Please echo 75"
2024-03-08 10:21:35,800{GMT}	INFO	[jepsen worker 0] jepsen.util: 0	:ok	:echo	{:echo "Please echo 75", :in_reply_to 10, :msg_id 10, :type "echo_ok"}
2024-03-08 10:21:36,170{GMT}	INFO	[jepsen worker 0] jepsen.util: 0	:invoke	:echo	"Please echo 47"
2024-03-08 10:21:36,172{GMT}	INFO	[jepsen worker 0] jepsen.util: 0	:ok	:echo	{:echo "Please echo 47", :in_reply_to 11, :msg_id 11, :type "echo_ok"}
2024-03-08 10:21:36,387{GMT}	INFO	[jepsen worker 0] jepsen.util: 0	:invoke	:echo	"Please echo 71"
2024-03-08 10:21:36,390{GMT}	INFO	[jepsen worker 0] jepsen.util: 0	:ok	:echo	{:echo "Please echo 71", :in_reply_to 12, :msg_id 12, :type "echo_ok"}
2024-03-08 10:21:36,404{GMT}	INFO	[jepsen worker 0] jepsen.util: 0	:invoke	:echo	"Please echo 31"
2024-03-08 10:21:36,406{GMT}	INFO	[jepsen worker 0] jepsen.util: 0	:ok	:echo	{:echo "Please echo 31", :in_reply_to 13, :msg_id 13, :type "echo_ok"}
2024-03-08 10:21:36,759{GMT}	INFO	[jepsen worker 0] jepsen.util: 0	:invoke	:echo	"Please echo 10"
2024-03-08 10:21:36,761{GMT}	INFO	[jepsen worker 0] jepsen.util: 0	:ok	:echo	{:echo "Please echo 10", :in_reply_to 14, :msg_id 14, :type "echo_ok"}
2024-03-08 10:21:36,873{GMT}	INFO	[jepsen worker 0] jepsen.util: 0	:invoke	:echo	"Please echo 100"
2024-03-08 10:21:36,875{GMT}	INFO	[jepsen worker 0] jepsen.util: 0	:ok	:echo	{:echo "Please echo 100", :in_reply_to 15, :msg_id 15, :type "echo_ok"}
2024-03-08 10:21:37,030{GMT}	INFO	[jepsen worker 0] jepsen.util: 0	:invoke	:echo	"Please echo 67"
2024-03-08 10:21:37,033{GMT}	INFO	[jepsen worker 0] jepsen.util: 0	:ok	:echo	{:echo "Please echo 67", :in_reply_to 16, :msg_id 16, :type "echo_ok"}
2024-03-08 10:21:37,263{GMT}	INFO	[jepsen worker 0] jepsen.util: 0	:invoke	:echo	"Please echo 116"
2024-03-08 10:21:37,266{GMT}	INFO	[jepsen worker 0] jepsen.util: 0	:ok	:echo	{:echo "Please echo 116", :in_reply_to 17, :msg_id 17, :type "echo_ok"}
2024-03-08 10:21:37,632{GMT}	INFO	[jepsen worker 0] jepsen.util: 0	:invoke	:echo	"Please echo 21"
2024-03-08 10:21:37,635{GMT}	INFO	[jepsen worker 0] jepsen.util: 0	:ok	:echo	{:echo "Please echo 21", :in_reply_to 18, :msg_id 18, :type "echo_ok"}
2024-03-08 10:21:37,895{GMT}	INFO	[jepsen worker 0] jepsen.util: 0	:invoke	:echo	"Please echo 62"
2024-03-08 10:21:37,898{GMT}	INFO	[jepsen worker 0] jepsen.util: 0	:ok	:echo	{:echo "Please echo 62", :in_reply_to 19, :msg_id 19, :type "echo_ok"}
2024-03-08 10:21:38,195{GMT}	INFO	[jepsen worker 0] jepsen.util: 0	:invoke	:echo	"Please echo 26"
2024-03-08 10:21:38,198{GMT}	INFO	[jepsen worker 0] jepsen.util: 0	:ok	:echo	{:echo "Please echo 26", :in_reply_to 20, :msg_id 20, :type "echo_ok"}
2024-03-08 10:21:38,576{GMT}	INFO	[jepsen worker 0] jepsen.util: 0	:invoke	:echo	"Please echo 33"
2024-03-08 10:21:38,578{GMT}	INFO	[jepsen worker 0] jepsen.util: 0	:ok	:echo	{:echo "Please echo 33", :in_reply_to 21, :msg_id 21, :type "echo_ok"}
2024-03-08 10:21:38,894{GMT}	INFO	[jepsen worker 0] jepsen.util: 0	:invoke	:echo	"Please echo 47"
2024-03-08 10:21:38,897{GMT}	INFO	[jepsen worker 0] jepsen.util: 0	:ok	:echo	{:echo "Please echo 47", :in_reply_to 22, :msg_id 22, :type "echo_ok"}
2024-03-08 10:21:39,202{GMT}	INFO	[jepsen worker 0] jepsen.util: 0	:invoke	:echo	"Please echo 9"
2024-03-08 10:21:39,204{GMT}	INFO	[jepsen worker 0] jepsen.util: 0	:ok	:echo	{:echo "Please echo 9", :in_reply_to 23, :msg_id 23, :type "echo_ok"}
2024-03-08 10:21:39,379{GMT}	INFO	[jepsen worker 0] jepsen.util: 0	:invoke	:echo	"Please echo 25"
2024-03-08 10:21:39,382{GMT}	INFO	[jepsen worker 0] jepsen.util: 0	:ok	:echo	{:echo "Please echo 25", :in_reply_to 24, :msg_id 24, :type "echo_ok"}
2024-03-08 10:21:39,585{GMT}	INFO	[jepsen worker 0] jepsen.util: 0	:invoke	:echo	"Please echo 2"
2024-03-08 10:21:39,587{GMT}	INFO	[jepsen worker 0] jepsen.util: 0	:ok	:echo	{:echo "Please echo 2", :in_reply_to 25, :msg_id 25, :type "echo_ok"}
2024-03-08 10:21:39,791{GMT}	INFO	[jepsen worker 0] jepsen.util: 0	:invoke	:echo	"Please echo 85"
2024-03-08 10:21:39,793{GMT}	INFO	[jepsen worker 0] jepsen.util: 0	:ok	:echo	{:echo "Please echo 85", :in_reply_to 26, :msg_id 26, :type "echo_ok"}
2024-03-08 10:21:40,012{GMT}	INFO	[jepsen worker 0] jepsen.util: 0	:invoke	:echo	"Please echo 43"
2024-03-08 10:21:40,014{GMT}	INFO	[jepsen worker 0] jepsen.util: 0	:ok	:echo	{:echo "Please echo 43", :in_reply_to 27, :msg_id 27, :type "echo_ok"}
2024-03-08 10:21:40,178{GMT}	INFO	[jepsen worker 0] jepsen.util: 0	:invoke	:echo	"Please echo 102"
2024-03-08 10:21:40,180{GMT}	INFO	[jepsen worker 0] jepsen.util: 0	:ok	:echo	{:echo "Please echo 102", :in_reply_to 28, :msg_id 28, :type "echo_ok"}
2024-03-08 10:21:40,206{GMT}	INFO	[jepsen worker 0] jepsen.util: 0	:invoke	:echo	"Please echo 124"
2024-03-08 10:21:40,208{GMT}	INFO	[jepsen worker 0] jepsen.util: 0	:ok	:echo	{:echo "Please echo 124", :in_reply_to 29, :msg_id 29, :type "echo_ok"}
2024-03-08 10:21:40,215{GMT}	INFO	[jepsen worker 0] jepsen.util: 0	:invoke	:echo	"Please echo 102"
2024-03-08 10:21:40,219{GMT}	INFO	[jepsen worker 0] jepsen.util: 0	:ok	:echo	{:echo "Please echo 102", :in_reply_to 30, :msg_id 30, :type "echo_ok"}
2024-03-08 10:21:40,470{GMT}	INFO	[jepsen worker 0] jepsen.util: 0	:invoke	:echo	"Please echo 73"
2024-03-08 10:21:40,480{GMT}	INFO	[jepsen worker 0] jepsen.util: 0	:ok	:echo	{:echo "Please echo 73", :in_reply_to 31, :msg_id 31, :type "echo_ok"}
2024-03-08 10:21:40,552{GMT}	INFO	[jepsen worker 0] jepsen.util: 0	:invoke	:echo	"Please echo 51"
2024-03-08 10:21:40,554{GMT}	INFO	[jepsen worker 0] jepsen.util: 0	:ok	:echo	{:echo "Please echo 51", :in_reply_to 32, :msg_id 32, :type "echo_ok"}
2024-03-08 10:21:40,795{GMT}	INFO	[jepsen worker 0] jepsen.util: 0	:invoke	:echo	"Please echo 58"
2024-03-08 10:21:40,798{GMT}	INFO	[jepsen worker 0] jepsen.util: 0	:ok	:echo	{:echo "Please echo 58", :in_reply_to 33, :msg_id 33, :type "echo_ok"}
2024-03-08 10:21:41,149{GMT}	INFO	[jepsen worker 0] jepsen.util: 0	:invoke	:echo	"Please echo 16"
2024-03-08 10:21:41,151{GMT}	INFO	[jepsen worker 0] jepsen.util: 0	:ok	:echo	{:echo "Please echo 16", :in_reply_to 34, :msg_id 34, :type "echo_ok"}
2024-03-08 10:21:41,441{GMT}	INFO	[jepsen worker 0] jepsen.util: 0	:invoke	:echo	"Please echo 58"
2024-03-08 10:21:41,442{GMT}	INFO	[jepsen worker 0] jepsen.util: 0	:ok	:echo	{:echo "Please echo 58", :in_reply_to 35, :msg_id 35, :type "echo_ok"}
2024-03-08 10:21:41,696{GMT}	INFO	[jepsen worker 0] jepsen.util: 0	:invoke	:echo	"Please echo 67"
2024-03-08 10:21:41,698{GMT}	INFO	[jepsen worker 0] jepsen.util: 0	:ok	:echo	{:echo "Please echo 67", :in_reply_to 36, :msg_id 36, :type "echo_ok"}
2024-03-08 10:21:41,785{GMT}	INFO	[jepsen worker 0] jepsen.util: 0	:invoke	:echo	"Please echo 62"
2024-03-08 10:21:41,787{GMT}	INFO	[jepsen worker 0] jepsen.util: 0	:ok	:echo	{:echo "Please echo 62", :in_reply_to 37, :msg_id 37, :type "echo_ok"}
2024-03-08 10:21:42,063{GMT}	INFO	[jepsen worker 0] jepsen.util: 0	:invoke	:echo	"Please echo 93"
2024-03-08 10:21:42,066{GMT}	INFO	[jepsen worker 0] jepsen.util: 0	:ok	:echo	{:echo "Please echo 93", :in_reply_to 38, :msg_id 38, :type "echo_ok"}
2024-03-08 10:21:42,284{GMT}	INFO	[jepsen worker 0] jepsen.util: 0	:invoke	:echo	"Please echo 8"
2024-03-08 10:21:42,287{GMT}	INFO	[jepsen worker 0] jepsen.util: 0	:ok	:echo	{:echo "Please echo 8", :in_reply_to 39, :msg_id 39, :type "echo_ok"}
2024-03-08 10:21:42,574{GMT}	INFO	[jepsen worker 0] jepsen.util: 0	:invoke	:echo	"Please echo 20"
2024-03-08 10:21:42,577{GMT}	INFO	[jepsen worker 0] jepsen.util: 0	:ok	:echo	{:echo "Please echo 20", :in_reply_to 40, :msg_id 40, :type "echo_ok"}
2024-03-08 10:21:42,954{GMT}	INFO	[jepsen worker 0] jepsen.util: 0	:invoke	:echo	"Please echo 33"
2024-03-08 10:21:42,957{GMT}	INFO	[jepsen worker 0] jepsen.util: 0	:ok	:echo	{:echo "Please echo 33", :in_reply_to 41, :msg_id 41, :type "echo_ok"}
2024-03-08 10:21:43,126{GMT}	INFO	[jepsen worker 0] jepsen.util: 0	:invoke	:echo	"Please echo 70"
2024-03-08 10:21:43,129{GMT}	INFO	[jepsen worker 0] jepsen.util: 0	:ok	:echo	{:echo "Please echo 70", :in_reply_to 42, :msg_id 42, :type "echo_ok"}
2024-03-08 10:21:43,525{GMT}	INFO	[jepsen worker 0] jepsen.util: 0	:invoke	:echo	"Please echo 14"
2024-03-08 10:21:43,527{GMT}	INFO	[jepsen worker 0] jepsen.util: 0	:ok	:echo	{:echo "Please echo 14", :in_reply_to 43, :msg_id 43, :type "echo_ok"}
2024-03-08 10:21:43,661{GMT}	INFO	[jepsen worker 0] jepsen.util: 0	:invoke	:echo	"Please echo 59"
2024-03-08 10:21:43,664{GMT}	INFO	[jepsen worker 0] jepsen.util: 0	:ok	:echo	{:echo "Please echo 59", :in_reply_to 44, :msg_id 44, :type "echo_ok"}
2024-03-08 10:21:43,808{GMT}	INFO	[jepsen worker 0] jepsen.util: 0	:invoke	:echo	"Please echo 7"
2024-03-08 10:21:43,810{GMT}	INFO	[jepsen worker 0] jepsen.util: 0	:ok	:echo	{:echo "Please echo 7", :in_reply_to 45, :msg_id 45, :type "echo_ok"}
2024-03-08 10:21:43,837{GMT}	INFO	[jepsen test runner] jepsen.core: Run complete, writing
2024-03-08 10:21:43,958{GMT}	INFO	[jepsen node n0] maelstrom.db: Tearing down n0
2024-03-08 10:21:45,796{GMT}	INFO	[jepsen node n0] maelstrom.net: Shutting down Maelstrom network
2024-03-08 10:21:45,801{GMT}	INFO	[jepsen test runner] jepsen.core: Analyzing...
2024-03-08 10:21:46,077{GMT}	INFO	[jepsen test runner] jepsen.core: Analysis complete
2024-03-08 10:21:46,095{GMT}	INFO	[jepsen results] jepsen.store: Wrote /mnt/c/PersonalCode/maelstrom-concurrency/maelstrom/store/echo/20240308T102129.743+0700/results.edn
2024-03-08 10:21:46,118{GMT}	INFO	[jepsen test runner] jepsen.core: {:perf {:latency-graph {:valid? true},
        :rate-graph {:valid? true},
        :valid? true},
 :timeline {:valid? true},
 :exceptions {:valid? true},
 :stats {:valid? true,
         :count 45,
         :ok-count 45,
         :fail-count 0,
         :info-count 0,
         :by-f {:echo {:valid? true,
                       :count 45,
                       :ok-count 45,
                       :fail-count 0,
                       :info-count 0}}},
 :availability {:valid? true, :ok-fraction 1.0},
 :net {:all {:send-count 92,
             :recv-count 92,
             :msg-count 92,
             :msgs-per-op 2.0444446},
       :clients {:send-count 92, :recv-count 92, :msg-count 92},
       :servers {:send-count 0,
                 :recv-count 0,
                 :msg-count 0,
                 :msgs-per-op 0.0},
       :valid? true},
 :workload {:valid? true, :errors ()},
 :valid? true}


Everything looks good! ヽ(‘ー`)ノ
