2024-03-08 11:07:06,473{GMT}	INFO	[jepsen test runner] jepsen.core: Command line:
lein run test -w echo --bin /home/ducndh/go/bin/maelstrom-echo --node-count 1 --time-limit 10
2024-03-08 11:07:06,597{GMT}	INFO	[jepsen test runner] jepsen.core: Running test:
{:args []
 :remote
 #jepsen.control.retry.Remote{:remote #jepsen.control.scp.Remote{:cmd-remote #jepsen.control.sshj.SSHJRemote{:concurrency-limit 6,
                                                                                                             :conn-spec nil,
                                                                                                             :client nil,
                                                                                                             :semaphore nil},
                                                                 :conn-spec nil},
                              :conn nil}
 :log-net-send false
 :node-count 1
 :availability nil
 :max-txn-length 4
 :concurrency 1
 :db
 #object[maelstrom.db$db$reify__16142
         "0x27aa700"
         "maelstrom.db$db$reify__16142@27aa700"]
 :max-writes-per-key 16
 :leave-db-running? false
 :name "echo"
 :logging-json? false
 :start-time
 #object[org.joda.time.DateTime "0x2a2f7a61" "2024-03-08T11:07:06.342+07:00"]
 :nemesis-interval 10
 :net
 #object[maelstrom.net$jepsen_net$reify__15251
         "0x8d40f07"
         "maelstrom.net$jepsen_net$reify__15251@8d40f07"]
 :client
 #object[maelstrom.workload.echo$client$reify__16863
         "0x196c8b93"
         "maelstrom.workload.echo$client$reify__16863@196c8b93"]
 :barrier
 #object[java.util.concurrent.CyclicBarrier
         "0x307ca947"
         "java.util.concurrent.CyclicBarrier@307ca947"]
 :log-stderr false
 :pure-generators true
 :ssh {:dummy? true}
 :rate 5
 :checker
 #object[jepsen.checker$compose$reify__11881
         "0x61d1315b"
         "jepsen.checker$compose$reify__11881@61d1315b"]
 :argv
 ("test"
  "-w"
  "echo"
  "--bin"
  "/home/ducndh/go/bin/maelstrom-echo"
  "--node-count"
  "1"
  "--time-limit"
  "10")
 :nemesis
 (jepsen.nemesis.ReflCompose
  {:fm {:start-partition 0,
        :stop-partition 0,
        :kill 1,
        :start 1,
        :pause 1,
        :resume 1},
   :nemeses [#unprintable "jepsen.nemesis.combined$partition_nemesis$reify__16416@49d5b651"
             #unprintable "jepsen.nemesis.combined$db_nemesis$reify__16397@34989ceb"]})
 :nodes ["n0"]
 :test-count 1
 :latency {:mean 0, :dist :constant}
 :bin "/home/ducndh/go/bin/maelstrom-echo"
 :generator
 (jepsen.generator.TimeLimit
  {:limit 10000000000,
   :cutoff nil,
   :gen (jepsen.generator.Any
         {:gens [(jepsen.generator.OnThreads
                  {:f #{:nemesis},
                   :context-filter #object[jepsen.generator.context$make_thread_filter$lazy_filter__9167
                                           "0x3d0c88f4"
                                           "jepsen.generator.context$make_thread_filter$lazy_filter__9167@3d0c88f4"],
                   :gen nil})
                 (jepsen.generator.OnThreads
                  {:f #jepsen.generator.context.AllBut{:element :nemesis},
                   :context-filter #object[jepsen.generator.context$make_thread_filter$lazy_filter__9167
                                           "0x5aad4194"
                                           "jepsen.generator.context$make_thread_filter$lazy_filter__9167@5aad4194"],
                   :gen (jepsen.generator.Stagger
                         {:dt 400000000,
                          :next-time nil,
                          :gen (jepsen.generator.EachThread
                                {:fresh-gen #object[maelstrom.workload.echo$workload$fn__16882
                                                    "0x50a1c2f3"
                                                    "maelstrom.workload.echo$workload$fn__16882@50a1c2f3"],
                                 :context-filters #object[clojure.core$promise$reify__8591
                                                          "0x453ca7f"
                                                          {:status :pending,
                                                           :val nil}],
                                 :gens {}})})})]})})
 :log-net-recv false
 :os
 #object[maelstrom.net$jepsen_os$reify__15254
         "0x5d41b929"
         "maelstrom.net$jepsen_os$reify__15254@5d41b929"]
 :time-limit 10
 :workload :echo
 :consistency-models [:strict-serializable]
 :topology :grid}

2024-03-08 11:07:09,629{GMT}	INFO	[jepsen node n0] maelstrom.net: Starting Maelstrom network
2024-03-08 11:07:09,631{GMT}	INFO	[jepsen test runner] jepsen.db: Tearing down DB
2024-03-08 11:07:09,635{GMT}	INFO	[jepsen test runner] jepsen.db: Setting up DB
2024-03-08 11:07:09,638{GMT}	INFO	[jepsen node n0] maelstrom.service: Starting services: (lin-kv lin-tso lww-kv seq-kv)
2024-03-08 11:07:09,642{GMT}	INFO	[jepsen node n0] maelstrom.db: Setting up n0
2024-03-08 11:07:09,652{GMT}	INFO	[jepsen node n0] maelstrom.process: launching /home/ducndh/go/bin/maelstrom-echo []
2024-03-08 11:07:09,718{GMT}	INFO	[jepsen test runner] jepsen.core: Relative time begins now
2024-03-08 11:07:09,749{GMT}	INFO	[jepsen worker 0] jepsen.util: 0	:invoke	:echo	"Please echo 16"
2024-03-08 11:07:09,761{GMT}	INFO	[jepsen worker 0] jepsen.util: 0	:ok	:echo	{:echo "Please echo 16", :in_reply_to 1, :msg_id 1, :type "echo_ok"}
2024-03-08 11:07:09,810{GMT}	INFO	[jepsen worker 0] jepsen.util: 0	:invoke	:echo	"Please echo 41"
2024-03-08 11:07:09,812{GMT}	INFO	[jepsen worker 0] jepsen.util: 0	:ok	:echo	{:echo "Please echo 41", :in_reply_to 2, :msg_id 2, :type "echo_ok"}
2024-03-08 11:07:10,161{GMT}	INFO	[jepsen worker 0] jepsen.util: 0	:invoke	:echo	"Please echo 112"
2024-03-08 11:07:10,163{GMT}	INFO	[jepsen worker 0] jepsen.util: 0	:ok	:echo	{:echo "Please echo 112", :in_reply_to 3, :msg_id 3, :type "echo_ok"}
2024-03-08 11:07:10,247{GMT}	INFO	[jepsen worker 0] jepsen.util: 0	:invoke	:echo	"Please echo 62"
2024-03-08 11:07:10,250{GMT}	INFO	[jepsen worker 0] jepsen.util: 0	:ok	:echo	{:echo "Please echo 62", :in_reply_to 4, :msg_id 4, :type "echo_ok"}
2024-03-08 11:07:10,606{GMT}	INFO	[jepsen worker 0] jepsen.util: 0	:invoke	:echo	"Please echo 46"
2024-03-08 11:07:10,609{GMT}	INFO	[jepsen worker 0] jepsen.util: 0	:ok	:echo	{:echo "Please echo 46", :in_reply_to 5, :msg_id 5, :type "echo_ok"}
2024-03-08 11:07:10,627{GMT}	INFO	[jepsen worker 0] jepsen.util: 0	:invoke	:echo	"Please echo 11"
2024-03-08 11:07:10,631{GMT}	INFO	[jepsen worker 0] jepsen.util: 0	:ok	:echo	{:echo "Please echo 11", :in_reply_to 6, :msg_id 6, :type "echo_ok"}
2024-03-08 11:07:10,826{GMT}	INFO	[jepsen worker 0] jepsen.util: 0	:invoke	:echo	"Please echo 60"
2024-03-08 11:07:10,829{GMT}	INFO	[jepsen worker 0] jepsen.util: 0	:ok	:echo	{:echo "Please echo 60", :in_reply_to 7, :msg_id 7, :type "echo_ok"}
2024-03-08 11:07:10,850{GMT}	INFO	[jepsen worker 0] jepsen.util: 0	:invoke	:echo	"Please echo 126"
2024-03-08 11:07:10,854{GMT}	INFO	[jepsen worker 0] jepsen.util: 0	:ok	:echo	{:echo "Please echo 126", :in_reply_to 8, :msg_id 8, :type "echo_ok"}
2024-03-08 11:07:11,223{GMT}	INFO	[jepsen worker 0] jepsen.util: 0	:invoke	:echo	"Please echo 40"
2024-03-08 11:07:11,226{GMT}	INFO	[jepsen worker 0] jepsen.util: 0	:ok	:echo	{:echo "Please echo 40", :in_reply_to 9, :msg_id 9, :type "echo_ok"}
2024-03-08 11:07:11,240{GMT}	INFO	[jepsen worker 0] jepsen.util: 0	:invoke	:echo	"Please echo 106"
2024-03-08 11:07:11,243{GMT}	INFO	[jepsen worker 0] jepsen.util: 0	:ok	:echo	{:echo "Please echo 106", :in_reply_to 10, :msg_id 10, :type "echo_ok"}
2024-03-08 11:07:11,334{GMT}	INFO	[jepsen worker 0] jepsen.util: 0	:invoke	:echo	"Please echo 17"
2024-03-08 11:07:11,337{GMT}	INFO	[jepsen worker 0] jepsen.util: 0	:ok	:echo	{:echo "Please echo 17", :in_reply_to 11, :msg_id 11, :type "echo_ok"}
2024-03-08 11:07:11,498{GMT}	INFO	[jepsen worker 0] jepsen.util: 0	:invoke	:echo	"Please echo 5"
2024-03-08 11:07:11,500{GMT}	INFO	[jepsen worker 0] jepsen.util: 0	:ok	:echo	{:echo "Please echo 5", :in_reply_to 12, :msg_id 12, :type "echo_ok"}
2024-03-08 11:07:11,622{GMT}	INFO	[jepsen worker 0] jepsen.util: 0	:invoke	:echo	"Please echo 48"
2024-03-08 11:07:11,624{GMT}	INFO	[jepsen worker 0] jepsen.util: 0	:ok	:echo	{:echo "Please echo 48", :in_reply_to 13, :msg_id 13, :type "echo_ok"}
2024-03-08 11:07:11,935{GMT}	INFO	[jepsen worker 0] jepsen.util: 0	:invoke	:echo	"Please echo 47"
2024-03-08 11:07:11,938{GMT}	INFO	[jepsen worker 0] jepsen.util: 0	:ok	:echo	{:echo "Please echo 47", :in_reply_to 14, :msg_id 14, :type "echo_ok"}
2024-03-08 11:07:12,146{GMT}	INFO	[jepsen worker 0] jepsen.util: 0	:invoke	:echo	"Please echo 7"
2024-03-08 11:07:12,148{GMT}	INFO	[jepsen worker 0] jepsen.util: 0	:ok	:echo	{:echo "Please echo 7", :in_reply_to 15, :msg_id 15, :type "echo_ok"}
2024-03-08 11:07:12,283{GMT}	INFO	[jepsen worker 0] jepsen.util: 0	:invoke	:echo	"Please echo 15"
2024-03-08 11:07:12,285{GMT}	INFO	[jepsen worker 0] jepsen.util: 0	:ok	:echo	{:echo "Please echo 15", :in_reply_to 16, :msg_id 16, :type "echo_ok"}
2024-03-08 11:07:12,567{GMT}	INFO	[jepsen worker 0] jepsen.util: 0	:invoke	:echo	"Please echo 124"
2024-03-08 11:07:12,571{GMT}	INFO	[jepsen worker 0] jepsen.util: 0	:ok	:echo	{:echo "Please echo 124", :in_reply_to 17, :msg_id 17, :type "echo_ok"}
2024-03-08 11:07:12,937{GMT}	INFO	[jepsen worker 0] jepsen.util: 0	:invoke	:echo	"Please echo 93"
2024-03-08 11:07:12,940{GMT}	INFO	[jepsen worker 0] jepsen.util: 0	:ok	:echo	{:echo "Please echo 93", :in_reply_to 18, :msg_id 18, :type "echo_ok"}
2024-03-08 11:07:12,968{GMT}	INFO	[jepsen worker 0] jepsen.util: 0	:invoke	:echo	"Please echo 25"
2024-03-08 11:07:12,970{GMT}	INFO	[jepsen worker 0] jepsen.util: 0	:ok	:echo	{:echo "Please echo 25", :in_reply_to 19, :msg_id 19, :type "echo_ok"}
2024-03-08 11:07:13,174{GMT}	INFO	[jepsen worker 0] jepsen.util: 0	:invoke	:echo	"Please echo 109"
2024-03-08 11:07:13,177{GMT}	INFO	[jepsen worker 0] jepsen.util: 0	:ok	:echo	{:echo "Please echo 109", :in_reply_to 20, :msg_id 20, :type "echo_ok"}
2024-03-08 11:07:13,506{GMT}	INFO	[jepsen worker 0] jepsen.util: 0	:invoke	:echo	"Please echo 92"
2024-03-08 11:07:13,509{GMT}	INFO	[jepsen worker 0] jepsen.util: 0	:ok	:echo	{:echo "Please echo 92", :in_reply_to 21, :msg_id 21, :type "echo_ok"}
2024-03-08 11:07:13,837{GMT}	INFO	[jepsen worker 0] jepsen.util: 0	:invoke	:echo	"Please echo 41"
2024-03-08 11:07:13,839{GMT}	INFO	[jepsen worker 0] jepsen.util: 0	:ok	:echo	{:echo "Please echo 41", :in_reply_to 22, :msg_id 22, :type "echo_ok"}
2024-03-08 11:07:14,197{GMT}	INFO	[jepsen worker 0] jepsen.util: 0	:invoke	:echo	"Please echo 60"
2024-03-08 11:07:14,199{GMT}	INFO	[jepsen worker 0] jepsen.util: 0	:ok	:echo	{:echo "Please echo 60", :in_reply_to 23, :msg_id 23, :type "echo_ok"}
2024-03-08 11:07:14,359{GMT}	INFO	[jepsen worker 0] jepsen.util: 0	:invoke	:echo	"Please echo 90"
2024-03-08 11:07:14,361{GMT}	INFO	[jepsen worker 0] jepsen.util: 0	:ok	:echo	{:echo "Please echo 90", :in_reply_to 24, :msg_id 24, :type "echo_ok"}
2024-03-08 11:07:14,615{GMT}	INFO	[jepsen worker 0] jepsen.util: 0	:invoke	:echo	"Please echo 6"
2024-03-08 11:07:14,618{GMT}	INFO	[jepsen worker 0] jepsen.util: 0	:ok	:echo	{:echo "Please echo 6", :in_reply_to 25, :msg_id 25, :type "echo_ok"}
2024-03-08 11:07:14,973{GMT}	INFO	[jepsen worker 0] jepsen.util: 0	:invoke	:echo	"Please echo 106"
2024-03-08 11:07:14,976{GMT}	INFO	[jepsen worker 0] jepsen.util: 0	:ok	:echo	{:echo "Please echo 106", :in_reply_to 26, :msg_id 26, :type "echo_ok"}
2024-03-08 11:07:15,114{GMT}	INFO	[jepsen worker 0] jepsen.util: 0	:invoke	:echo	"Please echo 92"
2024-03-08 11:07:15,116{GMT}	INFO	[jepsen worker 0] jepsen.util: 0	:ok	:echo	{:echo "Please echo 92", :in_reply_to 27, :msg_id 27, :type "echo_ok"}
2024-03-08 11:07:15,164{GMT}	INFO	[jepsen worker 0] jepsen.util: 0	:invoke	:echo	"Please echo 114"
2024-03-08 11:07:15,167{GMT}	INFO	[jepsen worker 0] jepsen.util: 0	:ok	:echo	{:echo "Please echo 114", :in_reply_to 28, :msg_id 28, :type "echo_ok"}
2024-03-08 11:07:15,551{GMT}	INFO	[jepsen worker 0] jepsen.util: 0	:invoke	:echo	"Please echo 111"
2024-03-08 11:07:15,554{GMT}	INFO	[jepsen worker 0] jepsen.util: 0	:ok	:echo	{:echo "Please echo 111", :in_reply_to 29, :msg_id 29, :type "echo_ok"}
2024-03-08 11:07:15,939{GMT}	INFO	[jepsen worker 0] jepsen.util: 0	:invoke	:echo	"Please echo 126"
2024-03-08 11:07:15,942{GMT}	INFO	[jepsen worker 0] jepsen.util: 0	:ok	:echo	{:echo "Please echo 126", :in_reply_to 30, :msg_id 30, :type "echo_ok"}
2024-03-08 11:07:16,107{GMT}	INFO	[jepsen worker 0] jepsen.util: 0	:invoke	:echo	"Please echo 8"
2024-03-08 11:07:16,112{GMT}	INFO	[jepsen worker 0] jepsen.util: 0	:ok	:echo	{:echo "Please echo 8", :in_reply_to 31, :msg_id 31, :type "echo_ok"}
2024-03-08 11:07:16,198{GMT}	INFO	[jepsen worker 0] jepsen.util: 0	:invoke	:echo	"Please echo 107"
2024-03-08 11:07:16,201{GMT}	INFO	[jepsen worker 0] jepsen.util: 0	:ok	:echo	{:echo "Please echo 107", :in_reply_to 32, :msg_id 32, :type "echo_ok"}
2024-03-08 11:07:16,572{GMT}	INFO	[jepsen worker 0] jepsen.util: 0	:invoke	:echo	"Please echo 21"
2024-03-08 11:07:16,575{GMT}	INFO	[jepsen worker 0] jepsen.util: 0	:ok	:echo	{:echo "Please echo 21", :in_reply_to 33, :msg_id 33, :type "echo_ok"}
2024-03-08 11:07:16,658{GMT}	INFO	[jepsen worker 0] jepsen.util: 0	:invoke	:echo	"Please echo 71"
2024-03-08 11:07:16,660{GMT}	INFO	[jepsen worker 0] jepsen.util: 0	:ok	:echo	{:echo "Please echo 71", :in_reply_to 34, :msg_id 34, :type "echo_ok"}
2024-03-08 11:07:17,030{GMT}	INFO	[jepsen worker 0] jepsen.util: 0	:invoke	:echo	"Please echo 88"
2024-03-08 11:07:17,033{GMT}	INFO	[jepsen worker 0] jepsen.util: 0	:ok	:echo	{:echo "Please echo 88", :in_reply_to 35, :msg_id 35, :type "echo_ok"}
2024-03-08 11:07:17,100{GMT}	INFO	[jepsen worker 0] jepsen.util: 0	:invoke	:echo	"Please echo 81"
2024-03-08 11:07:17,106{GMT}	INFO	[jepsen worker 0] jepsen.util: 0	:ok	:echo	{:echo "Please echo 81", :in_reply_to 36, :msg_id 36, :type "echo_ok"}
2024-03-08 11:07:17,466{GMT}	INFO	[jepsen worker 0] jepsen.util: 0	:invoke	:echo	"Please echo 61"
2024-03-08 11:07:17,469{GMT}	INFO	[jepsen worker 0] jepsen.util: 0	:ok	:echo	{:echo "Please echo 61", :in_reply_to 37, :msg_id 37, :type "echo_ok"}
2024-03-08 11:07:17,617{GMT}	INFO	[jepsen worker 0] jepsen.util: 0	:invoke	:echo	"Please echo 35"
2024-03-08 11:07:17,619{GMT}	INFO	[jepsen worker 0] jepsen.util: 0	:ok	:echo	{:echo "Please echo 35", :in_reply_to 38, :msg_id 38, :type "echo_ok"}
2024-03-08 11:07:17,842{GMT}	INFO	[jepsen worker 0] jepsen.util: 0	:invoke	:echo	"Please echo 23"
2024-03-08 11:07:17,844{GMT}	INFO	[jepsen worker 0] jepsen.util: 0	:ok	:echo	{:echo "Please echo 23", :in_reply_to 39, :msg_id 39, :type "echo_ok"}
2024-03-08 11:07:17,981{GMT}	INFO	[jepsen worker 0] jepsen.util: 0	:invoke	:echo	"Please echo 42"
2024-03-08 11:07:17,983{GMT}	INFO	[jepsen worker 0] jepsen.util: 0	:ok	:echo	{:echo "Please echo 42", :in_reply_to 40, :msg_id 40, :type "echo_ok"}
2024-03-08 11:07:18,003{GMT}	INFO	[jepsen worker 0] jepsen.util: 0	:invoke	:echo	"Please echo 90"
2024-03-08 11:07:18,005{GMT}	INFO	[jepsen worker 0] jepsen.util: 0	:ok	:echo	{:echo "Please echo 90", :in_reply_to 41, :msg_id 41, :type "echo_ok"}
2024-03-08 11:07:18,168{GMT}	INFO	[jepsen worker 0] jepsen.util: 0	:invoke	:echo	"Please echo 58"
2024-03-08 11:07:18,171{GMT}	INFO	[jepsen worker 0] jepsen.util: 0	:ok	:echo	{:echo "Please echo 58", :in_reply_to 42, :msg_id 42, :type "echo_ok"}
2024-03-08 11:07:18,426{GMT}	INFO	[jepsen worker 0] jepsen.util: 0	:invoke	:echo	"Please echo 112"
2024-03-08 11:07:18,428{GMT}	INFO	[jepsen worker 0] jepsen.util: 0	:ok	:echo	{:echo "Please echo 112", :in_reply_to 43, :msg_id 43, :type "echo_ok"}
2024-03-08 11:07:18,776{GMT}	INFO	[jepsen worker 0] jepsen.util: 0	:invoke	:echo	"Please echo 2"
2024-03-08 11:07:18,778{GMT}	INFO	[jepsen worker 0] jepsen.util: 0	:ok	:echo	{:echo "Please echo 2", :in_reply_to 44, :msg_id 44, :type "echo_ok"}
2024-03-08 11:07:18,991{GMT}	INFO	[jepsen worker 0] jepsen.util: 0	:invoke	:echo	"Please echo 95"
2024-03-08 11:07:18,996{GMT}	INFO	[jepsen worker 0] jepsen.util: 0	:ok	:echo	{:echo "Please echo 95", :in_reply_to 45, :msg_id 45, :type "echo_ok"}
2024-03-08 11:07:19,300{GMT}	INFO	[jepsen worker 0] jepsen.util: 0	:invoke	:echo	"Please echo 76"
2024-03-08 11:07:19,302{GMT}	INFO	[jepsen worker 0] jepsen.util: 0	:ok	:echo	{:echo "Please echo 76", :in_reply_to 46, :msg_id 46, :type "echo_ok"}
2024-03-08 11:07:19,400{GMT}	INFO	[jepsen worker 0] jepsen.util: 0	:invoke	:echo	"Please echo 2"
2024-03-08 11:07:19,403{GMT}	INFO	[jepsen worker 0] jepsen.util: 0	:ok	:echo	{:echo "Please echo 2", :in_reply_to 47, :msg_id 47, :type "echo_ok"}
2024-03-08 11:07:19,625{GMT}	INFO	[jepsen worker 0] jepsen.util: 0	:invoke	:echo	"Please echo 127"
2024-03-08 11:07:19,627{GMT}	INFO	[jepsen worker 0] jepsen.util: 0	:ok	:echo	{:echo "Please echo 127", :in_reply_to 48, :msg_id 48, :type "echo_ok"}
2024-03-08 11:07:19,650{GMT}	INFO	[jepsen worker 0] jepsen.util: 0	:invoke	:echo	"Please echo 101"
2024-03-08 11:07:19,652{GMT}	INFO	[jepsen worker 0] jepsen.util: 0	:ok	:echo	{:echo "Please echo 101", :in_reply_to 49, :msg_id 49, :type "echo_ok"}
2024-03-08 11:07:19,682{GMT}	INFO	[jepsen test runner] jepsen.core: Run complete, writing
2024-03-08 11:07:19,803{GMT}	INFO	[jepsen node n0] maelstrom.db: Tearing down n0
2024-03-08 11:07:21,648{GMT}	INFO	[jepsen node n0] maelstrom.net: Shutting down Maelstrom network
2024-03-08 11:07:21,655{GMT}	INFO	[jepsen test runner] jepsen.core: Analyzing...
2024-03-08 11:07:21,958{GMT}	INFO	[jepsen test runner] jepsen.core: Analysis complete
2024-03-08 11:07:21,987{GMT}	INFO	[jepsen results] jepsen.store: Wrote /mnt/c/PersonalCode/maelstrom-concurrency/maelstrom/store/echo/20240308T110706.342+0700/results.edn
2024-03-08 11:07:22,020{GMT}	INFO	[jepsen test runner] jepsen.core: {:perf {:latency-graph {:valid? true},
        :rate-graph {:valid? true},
        :valid? true},
 :timeline {:valid? true},
 :exceptions {:valid? true},
 :stats {:valid? true,
         :count 49,
         :ok-count 49,
         :fail-count 0,
         :info-count 0,
         :by-f {:echo {:valid? true,
                       :count 49,
                       :ok-count 49,
                       :fail-count 0,
                       :info-count 0}}},
 :availability {:valid? true, :ok-fraction 1.0},
 :net {:all {:send-count 100,
             :recv-count 100,
             :msg-count 100,
             :msgs-per-op 2.0408163},
       :clients {:send-count 100, :recv-count 100, :msg-count 100},
       :servers {:send-count 0,
                 :recv-count 0,
                 :msg-count 0,
                 :msgs-per-op 0.0},
       :valid? true},
 :workload {:valid? true, :errors ()},
 :valid? true}


Everything looks good! ヽ(‘ー`)ノ
